2024-09-10T09:24:28.813Z [Express API] info: Video generation API listening at http://localhost:3000
2024-09-10T09:25:08.263Z [Express API] info: Received request to generate video with text: {"text":"China’s economic rise has been nothing short of meteoric. Once a predominantly agrarian society, it has transformed into a global manufacturing powerhouse. Here are some fascinating facts:\n\nEconomic Miracle: China's economic growth rate has averaged over 9% per year for decades, lifting millions out of poverty.\nManufacturing Giant: China is the world's largest exporter of goods, producing everything from electronics to textiles.\nInfrastructure Investment: China has invested heavily in infrastructure, building vast networks of roads, railways, and high-speed trains.\nTech Hub: The country is a major player in technology, with thriving sectors in e-commerce, artificial intelligence, and renewable energy.\nConsumer Market: China's growing middle class is driving a surge in consumer spending, making it a lucrative market for global brands.\nGovernment Influence: While the Chinese economy is market-oriented, the government still plays a significant role in shaping its direction.\nChallenges: Despite its successes, China faces challenges such as income inequality, environmental pollution, and an aging population."}
2024-09-10T09:25:08.268Z [Express API] info: Video generation job added to queue with ID: 45
2024-09-10T09:25:08.271Z [Bull Queue Processor] info: Processing job with ID: 45, Text: China’s economic rise has been nothing short of meteoric. Once a predominantly agrarian society, it has transformed into a global manufacturing powerhouse. Here are some fascinating facts:

Economic Miracle: China's economic growth rate has averaged over 9% per year for decades, lifting millions out of poverty.
Manufacturing Giant: China is the world's largest exporter of goods, producing everything from electronics to textiles.
Infrastructure Investment: China has invested heavily in infrastructure, building vast networks of roads, railways, and high-speed trains.
Tech Hub: The country is a major player in technology, with thriving sectors in e-commerce, artificial intelligence, and renewable energy.
Consumer Market: China's growing middle class is driving a surge in consumer spending, making it a lucrative market for global brands.
Government Influence: While the Chinese economy is market-oriented, the government still plays a significant role in shaping its direction.
Challenges: Despite its successes, China faces challenges such as income inequality, environmental pollution, and an aging population.
2024-09-10T09:25:10.285Z [Express API] error: Database query for not found job: 45
2024-09-10T09:25:12.282Z [Express API] error: Database query for not found job: 45
2024-09-10T09:25:14.283Z [Express API] error: Database query for not found job: 45
2024-09-10T09:25:16.282Z [Express API] error: Database query for not found job: 45
2024-09-10T09:25:18.277Z [Express API] error: Database query for not found job: 45
2024-09-10T09:25:20.282Z [Express API] error: Database query for not found job: 45
2024-09-10T09:25:22.282Z [Express API] error: Database query for not found job: 45
2024-09-10T09:25:24.286Z [Express API] error: Database query for not found job: 45
2024-09-10T09:25:26.282Z [Express API] error: Database query for not found job: 45
2024-09-10T09:25:28.282Z [Express API] error: Database query for not found job: 45
2024-09-10T09:25:30.282Z [Express API] error: Database query for not found job: 45
2024-09-10T09:25:32.281Z [Express API] error: Database query for not found job: 45
2024-09-10T09:25:34.282Z [Express API] error: Database query for not found job: 45
2024-09-10T09:25:36.282Z [Express API] error: Database query for not found job: 45
2024-09-10T09:25:38.280Z [Express API] error: Database query for not found job: 45
2024-09-10T09:25:40.282Z [Express API] error: Database query for not found job: 45
2024-09-10T09:25:42.278Z [Express API] error: Database query for not found job: 45
2024-09-10T09:25:44.286Z [Express API] error: Database query for not found job: 45
2024-09-10T09:25:46.277Z [Express API] error: Database query for not found job: 45
2024-09-10T09:25:48.282Z [Express API] error: Database query for not found job: 45
2024-09-10T09:25:50.283Z [Express API] error: Database query for not found job: 45
2024-09-10T09:25:52.281Z [Express API] error: Database query for not found job: 45
2024-09-10T09:25:54.286Z [Express API] error: Database query for not found job: 45
2024-09-10T09:25:56.297Z [Express API] error: Database query for not found job: 45
2024-09-10T09:25:58.282Z [Express API] error: Database query for not found job: 45
2024-09-10T09:26:00.281Z [Express API] error: Database query for not found job: 45
2024-09-10T09:26:02.281Z [Express API] error: Database query for not found job: 45
2024-09-10T09:26:04.285Z [Express API] error: Database query for not found job: 45
2024-09-10T09:26:06.281Z [Express API] error: Database query for not found job: 45
2024-09-10T09:26:08.281Z [Express API] error: Database query for not found job: 45
2024-09-10T09:26:10.286Z [Express API] error: Database query for not found job: 45
2024-09-10T09:26:12.279Z [Express API] error: Database query for not found job: 45
2024-09-10T09:26:14.281Z [Express API] error: Database query for not found job: 45
2024-09-10T09:26:16.277Z [Express API] error: Database query for not found job: 45
2024-09-10T09:26:18.285Z [Express API] error: Database query for not found job: 45
2024-09-10T09:26:20.282Z [Express API] error: Database query for not found job: 45
2024-09-10T09:26:22.281Z [Express API] error: Database query for not found job: 45
2024-09-10T09:26:24.281Z [Express API] error: Database query for not found job: 45
2024-09-10T09:26:26.282Z [Express API] error: Database query for not found job: 45
2024-09-10T09:26:28.288Z [Express API] error: Database query for not found job: 45
2024-09-10T09:26:30.281Z [Express API] error: Database query for not found job: 45
2024-09-10T09:26:32.282Z [Express API] error: Database query for not found job: 45
2024-09-10T09:26:34.282Z [Express API] error: Database query for not found job: 45
2024-09-10T09:26:36.281Z [Express API] error: Database query for not found job: 45
2024-09-10T09:26:38.282Z [Express API] error: Database query for not found job: 45
2024-09-10T09:26:40.285Z [Express API] error: Database query for not found job: 45
2024-09-10T09:26:42.277Z [Express API] error: Database query for not found job: 45
2024-09-10T09:26:44.277Z [Express API] error: Database query for not found job: 45
2024-09-10T09:26:46.281Z [Express API] error: Database query for not found job: 45
2024-09-10T09:26:48.281Z [Express API] error: Database query for not found job: 45
2024-09-10T09:26:50.281Z [Express API] error: Database query for not found job: 45
2024-09-10T09:26:52.282Z [Express API] error: Database query for not found job: 45
2024-09-10T09:26:54.280Z [Express API] error: Database query for not found job: 45
2024-09-10T09:26:56.282Z [Express API] error: Database query for not found job: 45
2024-09-10T09:26:58.281Z [Express API] error: Database query for not found job: 45
2024-09-10T09:27:00.282Z [Express API] error: Database query for not found job: 45
2024-09-10T09:27:02.281Z [Express API] error: Database query for not found job: 45
2024-09-10T09:27:04.284Z [Express API] error: Database query for not found job: 45
2024-09-10T09:27:06.281Z [Express API] error: Database query for not found job: 45
2024-09-10T09:27:08.281Z [Express API] error: Database query for not found job: 45
2024-09-10T09:27:10.281Z [Express API] error: Database query for not found job: 45
2024-09-10T09:27:12.282Z [Express API] error: Database query for not found job: 45
2024-09-10T09:27:14.276Z [Express API] error: Database query for not found job: 45
2024-09-10T09:27:18.563Z [Express API] info: Received request to generate video with text: {"text":"China’s economic rise has been nothing short of meteoric. Once a predominantly agrarian society, it has transformed into a global manufacturing powerhouse. Here are some fascinating facts:\n\nEconomic Miracle: China's economic growth rate has averaged over 9% per year for decades, lifting millions out of poverty.\nManufacturing Giant: China is the world's largest exporter of goods, producing everything from electronics to textiles.\nInfrastructure Investment: China has invested heavily in infrastructure, building vast networks of roads, railways, and high-speed trains.\nTech Hub: The country is a major player in technology, with thriving sectors in e-commerce, artificial intelligence, and renewable energy.\nConsumer Market: China's growing middle class is driving a surge in consumer spending, making it a lucrative market for global brands.\nGovernment Influence: While the Chinese economy is market-oriented, the government still plays a significant role in shaping its direction.\nChallenges: Despite its successes, China faces challenges such as income inequality, environmental pollution, and an aging population."}
2024-09-10T09:27:18.567Z [Express API] info: Video generation job added to queue with ID: 46
2024-09-10T09:27:18.568Z [Bull Queue Processor] info: Processing job with ID: 46, Text: China’s economic rise has been nothing short of meteoric. Once a predominantly agrarian society, it has transformed into a global manufacturing powerhouse. Here are some fascinating facts:

Economic Miracle: China's economic growth rate has averaged over 9% per year for decades, lifting millions out of poverty.
Manufacturing Giant: China is the world's largest exporter of goods, producing everything from electronics to textiles.
Infrastructure Investment: China has invested heavily in infrastructure, building vast networks of roads, railways, and high-speed trains.
Tech Hub: The country is a major player in technology, with thriving sectors in e-commerce, artificial intelligence, and renewable energy.
Consumer Market: China's growing middle class is driving a surge in consumer spending, making it a lucrative market for global brands.
Government Influence: While the Chinese economy is market-oriented, the government still plays a significant role in shaping its direction.
Challenges: Despite its successes, China faces challenges such as income inequality, environmental pollution, and an aging population.
2024-09-10T09:27:20.589Z [Express API] error: Database query for not found job: 46
2024-09-10T09:27:22.586Z [Express API] error: Database query for not found job: 46
2024-09-10T09:27:24.589Z [Express API] error: Database query for not found job: 46
2024-09-10T09:27:26.589Z [Express API] error: Database query for not found job: 46
2024-09-10T09:27:28.589Z [Express API] error: Database query for not found job: 46
2024-09-10T09:27:30.589Z [Express API] error: Database query for not found job: 46
2024-09-10T09:27:32.588Z [Express API] error: Database query for not found job: 46
2024-09-10T09:27:34.588Z [Express API] error: Database query for not found job: 46
2024-09-10T09:27:36.597Z [Express API] error: Database query for not found job: 46
2024-09-10T09:27:38.590Z [Express API] error: Database query for not found job: 46
2024-09-10T09:27:40.587Z [Express API] error: Database query for not found job: 46
2024-09-10T09:27:42.588Z [Express API] error: Database query for not found job: 46
2024-09-10T09:27:44.585Z [Express API] error: Database query for not found job: 46
2024-09-10T09:27:46.593Z [Express API] error: Database query for not found job: 46
2024-09-10T09:27:48.588Z [Express API] error: Database query for not found job: 46
2024-09-10T09:27:50.589Z [Express API] error: Database query for not found job: 46
2024-09-10T09:27:53.992Z [Express API] info: Received request to generate video with text: {"text":"China’s economic rise has been nothing short of meteoric. Once a predominantly agrarian society, it has transformed into a global manufacturing powerhouse. Here are some fascinating facts:\n\nEconomic Miracle: China's economic growth rate has averaged over 9% per year for decades, lifting millions out of poverty.\nManufacturing Giant: China is the world's largest exporter of goods, producing everything from electronics to textiles.\nInfrastructure Investment: China has invested heavily in infrastructure, building vast networks of roads, railways, and high-speed trains.\nTech Hub: The country is a major player in technology, with thriving sectors in e-commerce, artificial intelligence, and renewable energy.\nConsumer Market: China's growing middle class is driving a surge in consumer spending, making it a lucrative market for global brands.\nGovernment Influence: While the Chinese economy is market-oriented, the government still plays a significant role in shaping its direction.\nChallenges: Despite its successes, China faces challenges such as income inequality, environmental pollution, and an aging population."}
2024-09-10T09:27:53.995Z [Express API] info: Video generation job added to queue with ID: 47
2024-09-10T09:27:53.996Z [Bull Queue Processor] info: Processing job with ID: 47, Text: China’s economic rise has been nothing short of meteoric. Once a predominantly agrarian society, it has transformed into a global manufacturing powerhouse. Here are some fascinating facts:

Economic Miracle: China's economic growth rate has averaged over 9% per year for decades, lifting millions out of poverty.
Manufacturing Giant: China is the world's largest exporter of goods, producing everything from electronics to textiles.
Infrastructure Investment: China has invested heavily in infrastructure, building vast networks of roads, railways, and high-speed trains.
Tech Hub: The country is a major player in technology, with thriving sectors in e-commerce, artificial intelligence, and renewable energy.
Consumer Market: China's growing middle class is driving a surge in consumer spending, making it a lucrative market for global brands.
Government Influence: While the Chinese economy is market-oriented, the government still plays a significant role in shaping its direction.
Challenges: Despite its successes, China faces challenges such as income inequality, environmental pollution, and an aging population.
2024-09-10T09:27:56.045Z [Express API] error: Database query for not found job: 47
2024-09-10T09:27:58.049Z [Express API] error: Database query for not found job: 47
2024-09-10T09:28:00.049Z [Express API] error: Database query for not found job: 47
2024-09-10T09:28:02.049Z [Express API] error: Database query for not found job: 47
2024-09-10T09:28:04.052Z [Express API] error: Database query for not found job: 47
2024-09-10T09:28:06.049Z [Express API] error: Database query for not found job: 47
2024-09-10T09:28:08.049Z [Express API] error: Database query for not found job: 47
2024-09-10T09:28:10.049Z [Express API] error: Database query for not found job: 47
2024-09-10T09:28:12.045Z [Express API] error: Database query for not found job: 47
2024-09-10T09:28:14.049Z [Express API] error: Database query for not found job: 47
2024-09-10T09:28:26.876Z [Express API] info: Video generation API listening at http://localhost:3000
2024-09-10T09:28:28.079Z [Express API] error: Database query for not found job: 47
2024-09-10T09:28:38.584Z [Express API] info: Received request to generate video with text: {"text":"China’s economic rise has been nothing short of meteoric. Once a predominantly agrarian society, it has transformed into a global manufacturing powerhouse. Here are some fascinating facts:\n\nEconomic Miracle: China's economic growth rate has averaged over 9% per year for decades, lifting millions out of poverty.\nManufacturing Giant: China is the world's largest exporter of goods, producing everything from electronics to textiles.\nInfrastructure Investment: China has invested heavily in infrastructure, building vast networks of roads, railways, and high-speed trains.\nTech Hub: The country is a major player in technology, with thriving sectors in e-commerce, artificial intelligence, and renewable energy.\nConsumer Market: China's growing middle class is driving a surge in consumer spending, making it a lucrative market for global brands.\nGovernment Influence: While the Chinese economy is market-oriented, the government still plays a significant role in shaping its direction.\nChallenges: Despite its successes, China faces challenges such as income inequality, environmental pollution, and an aging population."}
2024-09-10T09:28:38.593Z [Bull Queue Processor] info: Processing job with ID: 48, Text: China’s economic rise has been nothing short of meteoric. Once a predominantly agrarian society, it has transformed into a global manufacturing powerhouse. Here are some fascinating facts:

Economic Miracle: China's economic growth rate has averaged over 9% per year for decades, lifting millions out of poverty.
Manufacturing Giant: China is the world's largest exporter of goods, producing everything from electronics to textiles.
Infrastructure Investment: China has invested heavily in infrastructure, building vast networks of roads, railways, and high-speed trains.
Tech Hub: The country is a major player in technology, with thriving sectors in e-commerce, artificial intelligence, and renewable energy.
Consumer Market: China's growing middle class is driving a surge in consumer spending, making it a lucrative market for global brands.
Government Influence: While the Chinese economy is market-oriented, the government still plays a significant role in shaping its direction.
Challenges: Despite its successes, China faces challenges such as income inequality, environmental pollution, and an aging population.
2024-09-10T09:28:38.597Z [Express API] info: Video generation job added to queue with ID: 48
2024-09-10T09:28:40.617Z [Express API] error: Database query for not found job: 48
2024-09-10T09:28:42.616Z [Express API] error: Database query for not found job: 48
2024-09-10T09:28:44.615Z [Express API] error: Database query for not found job: 48
2024-09-10T09:28:46.616Z [Express API] error: Database query for not found job: 48
2024-09-10T09:28:48.616Z [Express API] error: Database query for not found job: 48
2024-09-10T09:28:50.615Z [Express API] error: Database query for not found job: 48
2024-09-10T09:28:52.615Z [Express API] error: Database query for not found job: 48
2024-09-10T09:28:54.615Z [Express API] error: Database query for not found job: 48
2024-09-10T09:28:56.616Z [Express API] error: Database query for not found job: 48
2024-09-10T09:28:58.617Z [Express API] error: Database query for not found job: 48
2024-09-10T09:29:00.614Z [Express API] error: Database query for not found job: 48
2024-09-10T09:29:02.615Z [Express API] error: Database query for not found job: 48
2024-09-10T09:29:04.616Z [Express API] error: Database query for not found job: 48
2024-09-10T09:29:06.611Z [Express API] error: Database query for not found job: 48
2024-09-10T09:29:08.615Z [Express API] error: Database query for not found job: 48
2024-09-10T09:29:10.616Z [Express API] error: Database query for not found job: 48
2024-09-10T09:29:12.616Z [Express API] error: Database query for not found job: 48
2024-09-10T09:29:14.617Z [Express API] error: Database query for not found job: 48
2024-09-10T09:29:16.610Z [Express API] error: Database query for not found job: 48
2024-09-10T09:29:18.613Z [Express API] error: Database query for not found job: 48
2024-09-10T09:29:20.622Z [Express API] error: Database query for not found job: 48
2024-09-10T09:29:22.617Z [Express API] error: Database query for not found job: 48
2024-09-10T09:29:24.618Z [Express API] error: Database query for not found job: 48
2024-09-10T09:29:26.619Z [Express API] error: Database query for not found job: 48
2024-09-10T09:29:28.615Z [Express API] error: Database query for not found job: 48
2024-09-10T09:29:30.611Z [Express API] error: Database query for not found job: 48
2024-09-10T09:29:32.615Z [Express API] error: Database query for not found job: 48
2024-09-10T09:29:34.615Z [Express API] error: Database query for not found job: 48
2024-09-10T09:29:36.615Z [Express API] error: Database query for not found job: 48
2024-09-10T09:29:38.615Z [Express API] error: Database query for not found job: 48
2024-09-10T09:29:40.615Z [Express API] error: Database query for not found job: 48
2024-09-10T09:29:42.615Z [Express API] error: Database query for not found job: 48
2024-09-10T09:29:44.615Z [Express API] error: Database query for not found job: 48
2024-09-10T09:29:46.613Z [Express API] error: Database query for not found job: 48
2024-09-10T09:29:48.615Z [Express API] error: Database query for not found job: 48
2024-09-10T09:29:50.616Z [Express API] error: Database query for not found job: 48
2024-09-10T09:29:52.615Z [Express API] error: Database query for not found job: 48
2024-09-10T09:29:54.615Z [Express API] error: Database query for not found job: 48
2024-09-10T09:29:56.615Z [Express API] error: Database query for not found job: 48
2024-09-10T09:29:58.616Z [Express API] error: Database query for not found job: 48
2024-09-10T09:30:00.614Z [Express API] error: Database query for not found job: 48
2024-09-10T09:30:02.616Z [Express API] error: Database query for not found job: 48
2024-09-10T09:30:04.613Z [Express API] error: Database query for not found job: 48
2024-09-10T09:30:06.616Z [Express API] error: Database query for not found job: 48
2024-09-10T09:30:08.621Z [Express API] error: Database query for not found job: 48
2024-09-10T09:30:10.616Z [Express API] error: Database query for not found job: 48
2024-09-10T09:30:12.615Z [Express API] error: Database query for not found job: 48
2024-09-10T09:30:14.616Z [Express API] error: Database query for not found job: 48
2024-09-10T09:30:16.616Z [Express API] error: Database query for not found job: 48
2024-09-10T09:30:18.615Z [Express API] error: Database query for not found job: 48
2024-09-10T09:30:20.614Z [Express API] error: Database query for not found job: 48
2024-09-10T09:30:22.610Z [Express API] error: Database query for not found job: 48
2024-09-10T09:30:24.617Z [Express API] error: Database query for not found job: 48
2024-09-10T09:30:26.615Z [Express API] error: Database query for not found job: 48
2024-09-10T09:30:28.615Z [Express API] error: Database query for not found job: 48
2024-09-10T09:30:30.614Z [Express API] error: Database query for not found job: 48
2024-09-10T09:30:32.615Z [Express API] error: Database query for not found job: 48
2024-09-10T09:30:34.610Z [Express API] error: Database query for not found job: 48
2024-09-10T09:30:36.615Z [Express API] error: Database query for not found job: 48
2024-09-10T09:30:38.614Z [Express API] error: Database query for not found job: 48
2024-09-10T09:30:40.612Z [Express API] error: Database query for not found job: 48
2024-09-10T09:30:42.615Z [Express API] error: Database query for not found job: 48
2024-09-10T09:30:44.619Z [Express API] error: Database query for not found job: 48
2024-09-10T09:30:46.615Z [Express API] error: Database query for not found job: 48
2024-09-10T09:30:48.615Z [Express API] error: Database query for not found job: 48
2024-09-10T09:30:50.614Z [Express API] error: Database query for not found job: 48
2024-09-10T09:30:52.617Z [Express API] error: Database query for not found job: 48
2024-09-10T09:30:54.611Z [Express API] error: Database query for not found job: 48
2024-09-10T09:30:56.610Z [Express API] error: Database query for not found job: 48
2024-09-10T09:30:58.618Z [Express API] error: Database query for not found job: 48
2024-09-10T09:31:00.611Z [Express API] error: Database query for not found job: 48
2024-09-10T09:31:02.618Z [Express API] error: Database query for not found job: 48
2024-09-10T09:31:04.610Z [Express API] error: Database query for not found job: 48
2024-09-10T09:31:06.615Z [Express API] error: Database query for not found job: 48
2024-09-10T09:31:08.610Z [Express API] error: Database query for not found job: 48
2024-09-10T09:31:10.615Z [Express API] error: Database query for not found job: 48
2024-09-10T09:31:12.614Z [Express API] error: Database query for not found job: 48
2024-09-10T09:31:14.616Z [Express API] error: Database query for not found job: 48
2024-09-10T09:31:16.615Z [Express API] error: Database query for not found job: 48
2024-09-10T09:31:18.615Z [Express API] error: Database query for not found job: 48
2024-09-10T09:31:44.744Z [Express API] info: Received request to generate video with text: {"text":"China’s economic rise has been nothing short of meteoric. Once a predominantly agrarian society, it has transformed into a global manufacturing powerhouse. Here are some fascinating facts:\n\nEconomic Miracle: China's economic growth rate has averaged over 9% per year for decades, lifting millions out of poverty.\nManufacturing Giant: China is the world's largest exporter of goods, producing everything from electronics to textiles.\nInfrastructure Investment: China has invested heavily in infrastructure, building vast networks of roads, railways, and high-speed trains.\nTech Hub: The country is a major player in technology, with thriving sectors in e-commerce, artificial intelligence, and renewable energy.\nConsumer Market: China's growing middle class is driving a surge in consumer spending, making it a lucrative market for global brands.\nGovernment Influence: While the Chinese economy is market-oriented, the government still plays a significant role in shaping its direction.\nChallenges: Despite its successes, China faces challenges such as income inequality, environmental pollution, and an aging population."}
2024-09-10T09:31:44.747Z [Express API] info: Video generation job added to queue with ID: 49
2024-09-10T09:31:44.752Z [Bull Queue Processor] info: Processing job with ID: 49, Text: China’s economic rise has been nothing short of meteoric. Once a predominantly agrarian society, it has transformed into a global manufacturing powerhouse. Here are some fascinating facts:

Economic Miracle: China's economic growth rate has averaged over 9% per year for decades, lifting millions out of poverty.
Manufacturing Giant: China is the world's largest exporter of goods, producing everything from electronics to textiles.
Infrastructure Investment: China has invested heavily in infrastructure, building vast networks of roads, railways, and high-speed trains.
Tech Hub: The country is a major player in technology, with thriving sectors in e-commerce, artificial intelligence, and renewable energy.
Consumer Market: China's growing middle class is driving a surge in consumer spending, making it a lucrative market for global brands.
Government Influence: While the Chinese economy is market-oriented, the government still plays a significant role in shaping its direction.
Challenges: Despite its successes, China faces challenges such as income inequality, environmental pollution, and an aging population.
2024-09-10T09:31:46.789Z [Express API] error: Database query for not found job: 49
2024-09-10T09:31:48.788Z [Express API] error: Database query for not found job: 49
2024-09-10T09:31:50.792Z [Express API] error: Database query for not found job: 49
2024-09-10T09:31:52.789Z [Express API] error: Database query for not found job: 49
2024-09-10T09:31:54.789Z [Express API] error: Database query for not found job: 49
2024-09-10T09:31:56.784Z [Express API] error: Database query for not found job: 49
2024-09-10T09:31:58.789Z [Express API] error: Database query for not found job: 49
2024-09-10T09:32:00.790Z [Express API] error: Database query for not found job: 49
2024-09-10T09:32:02.789Z [Express API] error: Database query for not found job: 49
2024-09-10T09:32:04.793Z [Express API] error: Database query for not found job: 49
2024-09-10T09:32:06.783Z [Express API] error: Database query for not found job: 49
2024-09-10T09:32:08.786Z [Express API] error: Database query for not found job: 49
2024-09-10T09:32:10.789Z [Express API] error: Database query for not found job: 49
2024-09-10T09:32:12.792Z [Express API] error: Database query for not found job: 49
2024-09-10T09:32:14.789Z [Express API] error: Database query for not found job: 49
2024-09-10T09:32:16.788Z [Express API] error: Database query for not found job: 49
2024-09-10T09:32:18.788Z [Express API] error: Database query for not found job: 49
2024-09-10T09:32:20.788Z [Express API] error: Database query for not found job: 49
2024-09-10T09:32:22.789Z [Express API] error: Database query for not found job: 49
2024-09-10T09:32:24.788Z [Express API] error: Database query for not found job: 49
2024-09-10T09:32:26.788Z [Express API] error: Database query for not found job: 49
2024-09-10T09:32:28.788Z [Express API] error: Database query for not found job: 49
2024-09-10T09:32:30.785Z [Express API] error: Database query for not found job: 49
2024-09-10T09:32:32.789Z [Express API] error: Database query for not found job: 49
2024-09-10T09:32:34.789Z [Express API] error: Database query for not found job: 49
2024-09-10T09:32:36.788Z [Express API] error: Database query for not found job: 49
2024-09-10T09:32:38.793Z [Express API] error: Database query for not found job: 49
2024-09-10T09:32:40.789Z [Express API] error: Database query for not found job: 49
2024-09-10T09:32:42.788Z [Express API] error: Database query for not found job: 49
2024-09-10T09:32:44.788Z [Express API] error: Database query for not found job: 49
2024-09-10T09:32:46.788Z [Express API] error: Database query for not found job: 49
2024-09-10T09:32:48.788Z [Express API] error: Database query for not found job: 49
2024-09-10T09:32:50.789Z [Express API] error: Database query for not found job: 49
2024-09-10T09:32:52.784Z [Express API] error: Database query for not found job: 49
2024-09-10T09:32:54.789Z [Express API] error: Database query for not found job: 49
2024-09-10T09:32:56.795Z [Express API] error: Database query for not found job: 49
2024-09-10T09:32:58.788Z [Express API] error: Database query for not found job: 49
2024-09-10T09:33:00.788Z [Express API] error: Database query for not found job: 49
2024-09-10T09:33:02.790Z [Express API] error: Database query for not found job: 49
2024-09-10T09:33:04.791Z [Express API] error: Database query for not found job: 49
2024-09-10T09:33:06.788Z [Express API] error: Database query for not found job: 49
2024-09-10T09:33:08.788Z [Express API] error: Database query for not found job: 49
2024-09-10T09:33:10.788Z [Express API] error: Database query for not found job: 49
2024-09-10T09:33:14.398Z [Express API] info: Received request to generate video with text: {"text":"China’s economic rise has been nothing short of meteoric. Once a predominantly agrarian society, it has transformed into a global manufacturing powerhouse. Here are some fascinating facts:\n\nEconomic Miracle: China's economic growth rate has averaged over 9% per year for decades, lifting millions out of poverty.\nManufacturing Giant: China is the world's largest exporter of goods, producing everything from electronics to textiles.\nInfrastructure Investment: China has invested heavily in infrastructure, building vast networks of roads, railways, and high-speed trains.\nTech Hub: The country is a major player in technology, with thriving sectors in e-commerce, artificial intelligence, and renewable energy.\nConsumer Market: China's growing middle class is driving a surge in consumer spending, making it a lucrative market for global brands.\nGovernment Influence: While the Chinese economy is market-oriented, the government still plays a significant role in shaping its direction.\nChallenges: Despite its successes, China faces challenges such as income inequality, environmental pollution, and an aging population."}
2024-09-10T09:33:14.399Z [Express API] info: Video generation job added to queue with ID: 50
2024-09-10T09:33:14.401Z [Bull Queue Processor] info: Processing job with ID: 50, Text: China’s economic rise has been nothing short of meteoric. Once a predominantly agrarian society, it has transformed into a global manufacturing powerhouse. Here are some fascinating facts:

Economic Miracle: China's economic growth rate has averaged over 9% per year for decades, lifting millions out of poverty.
Manufacturing Giant: China is the world's largest exporter of goods, producing everything from electronics to textiles.
Infrastructure Investment: China has invested heavily in infrastructure, building vast networks of roads, railways, and high-speed trains.
Tech Hub: The country is a major player in technology, with thriving sectors in e-commerce, artificial intelligence, and renewable energy.
Consumer Market: China's growing middle class is driving a surge in consumer spending, making it a lucrative market for global brands.
Government Influence: While the Chinese economy is market-oriented, the government still plays a significant role in shaping its direction.
Challenges: Despite its successes, China faces challenges such as income inequality, environmental pollution, and an aging population.
2024-09-10T09:33:16.427Z [Express API] error: Database query for not found job: 50
2024-09-10T09:33:18.416Z [Express API] error: Database query for not found job: 50
2024-09-10T09:33:20.416Z [Express API] error: Database query for not found job: 50
2024-09-10T09:33:22.420Z [Express API] error: Database query for not found job: 50
2024-09-10T09:33:24.417Z [Express API] error: Database query for not found job: 50
2024-09-10T09:33:26.412Z [Express API] error: Database query for not found job: 50
2024-09-10T09:33:28.416Z [Express API] error: Database query for not found job: 50
2024-09-10T09:33:30.420Z [Express API] error: Database query for not found job: 50
2024-09-10T09:33:32.411Z [Express API] error: Database query for not found job: 50
2024-09-10T09:33:34.422Z [Express API] error: Database query for not found job: 50
2024-09-10T09:33:36.416Z [Express API] error: Database query for not found job: 50
2024-09-10T09:33:38.411Z [Express API] error: Database query for not found job: 50
2024-09-10T09:33:40.417Z [Express API] error: Database query for not found job: 50
2024-09-10T09:33:42.416Z [Express API] error: Database query for not found job: 50
2024-09-10T09:33:44.417Z [Express API] error: Database query for not found job: 50
2024-09-10T09:33:46.415Z [Express API] error: Database query for not found job: 50
2024-09-10T09:33:48.418Z [Express API] error: Database query for not found job: 50
2024-09-10T09:33:50.411Z [Express API] error: Database query for not found job: 50
2024-09-10T09:33:52.416Z [Express API] error: Database query for not found job: 50
2024-09-10T09:33:54.416Z [Express API] error: Database query for not found job: 50
2024-09-10T09:33:56.415Z [Express API] error: Database query for not found job: 50
2024-09-10T09:33:58.417Z [Express API] error: Database query for not found job: 50
2024-09-10T09:34:00.416Z [Express API] error: Database query for not found job: 50
2024-09-10T09:34:02.416Z [Express API] error: Database query for not found job: 50
2024-09-10T09:34:04.418Z [Express API] error: Database query for not found job: 50
2024-09-10T09:34:06.422Z [Express API] error: Database query for not found job: 50
2024-09-10T09:34:08.411Z [Express API] error: Database query for not found job: 50
2024-09-10T09:34:11.416Z [Express API] error: Database query for not found job: 50
2024-09-10T09:34:13.476Z [Express API] error: Database query for not found job: 50
2024-09-10T09:34:15.458Z [Express API] error: Database query for not found job: 50
2024-09-10T09:34:17.402Z [Express API] error: Database query for not found job: 50
2024-09-10T09:34:19.389Z [Express API] error: Database query for not found job: 50
2024-09-10T09:34:21.424Z [Express API] error: Database query for not found job: 50
2024-09-10T09:34:23.393Z [Express API] error: Database query for not found job: 50
2024-09-10T09:34:25.395Z [Express API] error: Database query for not found job: 50
2024-09-10T09:34:27.400Z [Express API] error: Database query for not found job: 50
2024-09-10T09:34:29.400Z [Express API] error: Database query for not found job: 50
2024-09-10T09:34:31.396Z [Express API] error: Database query for not found job: 50
2024-09-10T09:34:33.388Z [Express API] error: Database query for not found job: 50
2024-09-10T09:34:35.387Z [Express API] error: Database query for not found job: 50
2024-09-10T09:34:37.395Z [Express API] error: Database query for not found job: 50
2024-09-10T09:34:39.392Z [Express API] error: Database query for not found job: 50
2024-09-10T09:34:41.389Z [Express API] error: Database query for not found job: 50
2024-09-10T09:34:43.400Z [Express API] error: Database query for not found job: 50
2024-09-10T09:34:45.387Z [Express API] error: Database query for not found job: 50
2024-09-10T09:34:47.392Z [Express API] error: Database query for not found job: 50
2024-09-10T09:34:49.390Z [Express API] error: Database query for not found job: 50
2024-09-10T09:34:51.388Z [Express API] error: Database query for not found job: 50
2024-09-10T09:34:53.390Z [Express API] error: Database query for not found job: 50
2024-09-10T09:34:55.389Z [Express API] error: Database query for not found job: 50
2024-09-10T09:34:57.393Z [Express API] error: Database query for not found job: 50
2024-09-10T09:34:59.396Z [Express API] error: Database query for not found job: 50
2024-09-10T09:35:01.390Z [Express API] error: Database query for not found job: 50
2024-09-10T09:35:03.406Z [Express API] error: Database query for not found job: 50
2024-09-10T09:35:05.394Z [Express API] error: Database query for not found job: 50
2024-09-10T09:35:07.408Z [Express API] error: Database query for not found job: 50
2024-09-10T09:35:21.403Z [Express API] error: Database query for not found job: 50
2024-09-10T09:36:21.405Z [Express API] error: Database query for not found job: 50
2024-09-10T09:36:22.420Z [Express API] error: Database query for not found job: 50
2024-09-10T09:36:25.606Z [Express API] info: Received request to generate video with text: {"text":"China’s economic rise has been nothing short of meteoric. Once a predominantly agrarian society, it has transformed into a global manufacturing powerhouse. Here are some fascinating facts:\n\nEconomic Miracle: China's economic growth rate has averaged over 9% per year for decades, lifting millions out of poverty.\nManufacturing Giant: China is the world's largest exporter of goods, producing everything from electronics to textiles.\nInfrastructure Investment: China has invested heavily in infrastructure, building vast networks of roads, railways, and high-speed trains.\nTech Hub: The country is a major player in technology, with thriving sectors in e-commerce, artificial intelligence, and renewable energy.\nConsumer Market: China's growing middle class is driving a surge in consumer spending, making it a lucrative market for global brands.\nGovernment Influence: While the Chinese economy is market-oriented, the government still plays a significant role in shaping its direction.\nChallenges: Despite its successes, China faces challenges such as income inequality, environmental pollution, and an aging population."}
2024-09-10T09:36:25.609Z [Express API] info: Video generation job added to queue with ID: 51
2024-09-10T09:36:25.621Z [Bull Queue Processor] info: Processing job with ID: 51, Text: China’s economic rise has been nothing short of meteoric. Once a predominantly agrarian society, it has transformed into a global manufacturing powerhouse. Here are some fascinating facts:

Economic Miracle: China's economic growth rate has averaged over 9% per year for decades, lifting millions out of poverty.
Manufacturing Giant: China is the world's largest exporter of goods, producing everything from electronics to textiles.
Infrastructure Investment: China has invested heavily in infrastructure, building vast networks of roads, railways, and high-speed trains.
Tech Hub: The country is a major player in technology, with thriving sectors in e-commerce, artificial intelligence, and renewable energy.
Consumer Market: China's growing middle class is driving a surge in consumer spending, making it a lucrative market for global brands.
Government Influence: While the Chinese economy is market-oriented, the government still plays a significant role in shaping its direction.
Challenges: Despite its successes, China faces challenges such as income inequality, environmental pollution, and an aging population., scriptUsed /home/dani/workspaces/Text-To-Video-ffmpeg/app.py
2024-09-10T09:36:25.671Z [Bull Queue Processor] info: Inserting in db for job id %s
2024-09-10T09:36:27.645Z [Express API] info: Job ID 51 status from database: processing
2024-09-10T09:36:28.550Z [Bull Queue Processor] error: Python script stderr: Traceback (most recent call last):
  File "/home/dani/workspaces/Text-To-Video-ffmpeg/app.py", line 10, in <module>

2024-09-10T09:36:28.550Z [Bull Queue Processor] error: Python script stderr:     from utility.captions.timed_captions_generator import generate_timed_captions
  File "/home/dani/workspaces/Text-To-Video-ffmpeg/utility/captions/timed_captions_generator.py", line 6, in <module>
    logging.basicConfig(
  File "/usr/lib/python3.11/logging/__init__.py", line 2050, in basicConfig
    h = FileHandler(filename, mode,
        ^^^^^^^^^^^^^^^^^^^^^^^^^^^
  File "/usr/lib/python3.11/logging/__init__.py", line 1181, in __init__

2024-09-10T09:36:28.551Z [Bull Queue Processor] error: Python script stderr:     StreamHandler.__init__(self, self._open())
                                 ^^^^^^^^^^^^
  File "/usr/lib/python3.11/logging/__init__.py", line 1213, in _open
    return open_func(self.baseFilename, self.mode,
           ^^^^^^^^^^^^^^^^^^^^^^^^^^^^^^^^^^^^^^^
FileNotFoundError: [Errno 2] No such file or directory: '/home/dani/workspaces/Text-To-Video-AI2/app.log'

2024-09-10T09:36:29.073Z [Bull Queue Processor] error: Python script exited with error code 1 for job ID: 51
2024-09-10T09:36:29.101Z [Bull Queue Processor] info: Inserting in db for job id %s
2024-09-10T09:36:29.645Z [Express API] info: Job ID 51 status from database: failed
2024-09-10T09:36:31.644Z [Express API] info: Job ID 51 status from database: failed
2024-09-10T09:36:33.644Z [Express API] info: Job ID 51 status from database: failed
2024-09-10T09:36:35.648Z [Express API] info: Job ID 51 status from database: failed
2024-09-10T09:36:37.644Z [Express API] info: Job ID 51 status from database: failed
2024-09-10T09:36:39.644Z [Express API] info: Job ID 51 status from database: failed
2024-09-10T09:36:41.645Z [Express API] info: Job ID 51 status from database: failed
2024-09-10T09:36:43.644Z [Express API] info: Job ID 51 status from database: failed
2024-09-10T09:36:45.644Z [Express API] info: Job ID 51 status from database: failed
2024-09-10T09:36:47.644Z [Express API] info: Job ID 51 status from database: failed
2024-09-10T09:36:49.645Z [Express API] info: Job ID 51 status from database: failed
2024-09-10T09:36:51.651Z [Express API] info: Job ID 51 status from database: failed
2024-09-10T09:36:53.640Z [Express API] info: Job ID 51 status from database: failed
2024-09-10T09:36:55.644Z [Express API] info: Job ID 51 status from database: failed
2024-09-10T09:36:57.646Z [Express API] info: Job ID 51 status from database: failed
2024-09-10T09:36:59.641Z [Express API] info: Job ID 51 status from database: failed
2024-09-10T09:37:01.644Z [Express API] info: Job ID 51 status from database: failed
2024-09-10T09:37:03.644Z [Express API] info: Job ID 51 status from database: failed
2024-09-10T09:37:05.645Z [Express API] info: Job ID 51 status from database: failed
2024-09-10T09:37:07.646Z [Express API] info: Job ID 51 status from database: failed
2024-09-10T09:37:09.644Z [Express API] info: Job ID 51 status from database: failed
2024-09-10T09:37:11.644Z [Express API] info: Job ID 51 status from database: failed
2024-09-10T09:37:13.652Z [Express API] info: Job ID 51 status from database: failed
2024-09-10T09:37:15.641Z [Express API] info: Job ID 51 status from database: failed
2024-09-10T09:37:17.644Z [Express API] info: Job ID 51 status from database: failed
2024-09-10T09:37:19.641Z [Express API] info: Job ID 51 status from database: failed
2024-09-10T09:37:21.641Z [Express API] info: Job ID 51 status from database: failed
2024-09-10T09:37:23.644Z [Express API] info: Job ID 51 status from database: failed
2024-09-10T09:37:25.645Z [Express API] info: Job ID 51 status from database: failed
2024-09-10T09:37:27.647Z [Express API] info: Job ID 51 status from database: failed
2024-09-10T09:37:29.645Z [Express API] info: Job ID 51 status from database: failed
2024-09-10T09:37:31.640Z [Express API] info: Job ID 51 status from database: failed
2024-09-10T09:37:33.645Z [Express API] info: Job ID 51 status from database: failed
2024-09-10T09:37:35.645Z [Express API] info: Job ID 51 status from database: failed
2024-09-10T09:37:37.649Z [Express API] info: Job ID 51 status from database: failed
2024-09-10T09:37:40.398Z [Express API] info: Job ID 51 status from database: failed
2024-09-10T09:37:42.393Z [Express API] info: Job ID 51 status from database: failed
2024-09-10T09:37:44.392Z [Express API] info: Job ID 51 status from database: failed
2024-09-10T09:37:46.390Z [Express API] info: Job ID 51 status from database: failed
2024-09-10T09:37:48.388Z [Express API] info: Job ID 51 status from database: failed
2024-09-10T09:37:50.394Z [Express API] info: Job ID 51 status from database: failed
2024-09-10T09:37:52.395Z [Express API] info: Job ID 51 status from database: failed
2024-09-10T09:37:54.390Z [Express API] info: Job ID 51 status from database: failed
2024-09-10T09:37:56.400Z [Express API] info: Job ID 51 status from database: failed
2024-09-10T09:37:58.396Z [Express API] info: Job ID 51 status from database: failed
2024-09-10T09:38:00.399Z [Express API] info: Job ID 51 status from database: failed
2024-09-10T09:38:02.388Z [Express API] info: Job ID 51 status from database: failed
2024-09-10T09:38:04.391Z [Express API] info: Job ID 51 status from database: failed
2024-09-10T09:38:06.395Z [Express API] info: Job ID 51 status from database: failed
2024-09-10T09:38:08.391Z [Express API] info: Job ID 51 status from database: failed
2024-09-10T09:38:10.388Z [Express API] info: Job ID 51 status from database: failed
2024-09-10T09:38:12.387Z [Express API] info: Job ID 51 status from database: failed
2024-09-10T09:38:14.386Z [Express API] info: Job ID 51 status from database: failed
2024-09-10T09:38:16.389Z [Express API] info: Job ID 51 status from database: failed
2024-09-10T09:38:18.387Z [Express API] info: Job ID 51 status from database: failed
2024-09-10T09:38:20.388Z [Express API] info: Job ID 51 status from database: failed
2024-09-10T09:38:22.391Z [Express API] info: Job ID 51 status from database: failed
2024-09-10T09:38:24.392Z [Express API] info: Job ID 51 status from database: failed
2024-09-10T09:38:26.388Z [Express API] info: Job ID 51 status from database: failed
2024-09-10T09:38:28.396Z [Express API] info: Job ID 51 status from database: failed
2024-09-10T09:38:30.396Z [Express API] info: Job ID 51 status from database: failed
2024-09-10T09:38:32.389Z [Express API] info: Job ID 51 status from database: failed
2024-09-10T09:38:34.397Z [Express API] info: Job ID 51 status from database: failed
2024-09-10T09:38:36.387Z [Express API] info: Job ID 51 status from database: failed
2024-09-10T09:39:21.438Z [Express API] info: Job ID 51 status from database: failed
2024-09-10T09:40:21.429Z [Express API] info: Job ID 51 status from database: failed
2024-09-10T09:41:21.410Z [Express API] info: Job ID 51 status from database: failed
2024-09-10T09:41:55.482Z [Express API] info: Job ID 51 status from database: failed
2024-09-10T09:41:55.641Z [Express API] info: Job ID 51 status from database: failed
2024-09-10T09:41:57.645Z [Express API] info: Job ID 51 status from database: failed
2024-09-10T09:41:59.645Z [Express API] info: Job ID 51 status from database: failed
2024-09-10T09:42:03.236Z [Express API] info: Received request to generate video with text: {"text":"China’s economic rise has been nothing short of meteoric. Once a predominantly agrarian society, it has transformed into a global manufacturing powerhouse. Here are some fascinating facts:\n\nEconomic Miracle: China's economic growth rate has averaged over 9% per year for decades, lifting millions out of poverty.\nManufacturing Giant: China is the world's largest exporter of goods, producing everything from electronics to textiles.\nInfrastructure Investment: China has invested heavily in infrastructure, building vast networks of roads, railways, and high-speed trains.\nTech Hub: The country is a major player in technology, with thriving sectors in e-commerce, artificial intelligence, and renewable energy.\nConsumer Market: China's growing middle class is driving a surge in consumer spending, making it a lucrative market for global brands.\nGovernment Influence: While the Chinese economy is market-oriented, the government still plays a significant role in shaping its direction.\nChallenges: Despite its successes, China faces challenges such as income inequality, environmental pollution, and an aging population."}
2024-09-10T09:42:03.237Z [Express API] info: Video generation job added to queue with ID: 52
2024-09-10T09:42:03.238Z [Bull Queue Processor] info: Processing job with ID: 52, Text: China’s economic rise has been nothing short of meteoric. Once a predominantly agrarian society, it has transformed into a global manufacturing powerhouse. Here are some fascinating facts:

Economic Miracle: China's economic growth rate has averaged over 9% per year for decades, lifting millions out of poverty.
Manufacturing Giant: China is the world's largest exporter of goods, producing everything from electronics to textiles.
Infrastructure Investment: China has invested heavily in infrastructure, building vast networks of roads, railways, and high-speed trains.
Tech Hub: The country is a major player in technology, with thriving sectors in e-commerce, artificial intelligence, and renewable energy.
Consumer Market: China's growing middle class is driving a surge in consumer spending, making it a lucrative market for global brands.
Government Influence: While the Chinese economy is market-oriented, the government still plays a significant role in shaping its direction.
Challenges: Despite its successes, China faces challenges such as income inequality, environmental pollution, and an aging population., scriptUsed /home/dani/workspaces/Text-To-Video-ffmpeg/app.py
2024-09-10T09:42:03.260Z [Bull Queue Processor] info: Inserting in db for job id %s
2024-09-10T09:42:05.249Z [Express API] info: Job ID 52 status from database: processing
2024-09-10T09:42:06.043Z [Bull Queue Processor] error: Python script stderr: Traceback (most recent call last):
  File "/home/dani/workspaces/Text-To-Video-ffmpeg/app.py", line 7, in <module>

2024-09-10T09:42:06.043Z [Bull Queue Processor] error: Python script stderr:     from utility.captions.timed_captions_generator import generate_timed_captions
  File "/home/dani/workspaces/Text-To-Video-ffmpeg/utility/captions/timed_captions_generator.py", line 6, in <module>
    logging.basicConfig(
  File "/usr/lib/python3.11/logging/__init__.py", line 2050, in basicConfig
    h = FileHandler(filename, mode,
        ^^^^^^^^^^^^^^^^^^^^^^^^^^^
  File "/usr/lib/python3.11/logging/__init__.py", line 1181, in __init__

2024-09-10T09:42:06.044Z [Bull Queue Processor] error: Python script stderr:     StreamHandler.__init__(self, self._open())
                                 ^^^^^^^^^^^^
  File "/usr/lib/python3.11/logging/__init__.py", line 1213, in _open

2024-09-10T09:42:06.044Z [Bull Queue Processor] error: Python script stderr:     return open_func(self.baseFilename, self.mode,
           ^^^^^^^^^^^^^^^^^^^^^^^^^^^^^^^^^^^^^^^
FileNotFoundError: [Errno 2] No such file or directory: '/home/dani/workspaces/Text-To-Video-AI2/app.log'

2024-09-10T09:42:06.580Z [Bull Queue Processor] error: Python script exited with error code 1 for job ID: 52
2024-09-10T09:42:06.603Z [Bull Queue Processor] info: Inserting in db for job id %s
2024-09-10T09:42:07.250Z [Express API] info: Job ID 52 status from database: failed
2024-09-10T09:42:09.250Z [Express API] info: Job ID 52 status from database: failed
2024-09-10T09:42:11.250Z [Express API] info: Job ID 52 status from database: failed
2024-09-10T09:42:13.250Z [Express API] info: Job ID 52 status from database: failed
2024-09-10T09:42:15.249Z [Express API] info: Job ID 52 status from database: failed
2024-09-10T09:42:17.250Z [Express API] info: Job ID 52 status from database: failed
2024-09-10T09:42:19.249Z [Express API] info: Job ID 52 status from database: failed
2024-09-10T09:42:21.246Z [Express API] info: Job ID 52 status from database: failed
2024-09-10T09:42:23.249Z [Express API] info: Job ID 52 status from database: failed
2024-09-10T09:42:25.250Z [Express API] info: Job ID 52 status from database: failed
2024-09-10T09:42:27.253Z [Express API] info: Job ID 52 status from database: failed
2024-09-10T09:42:29.249Z [Express API] info: Job ID 52 status from database: failed
2024-09-10T09:42:31.251Z [Express API] info: Job ID 52 status from database: failed
2024-09-10T09:42:33.250Z [Express API] info: Job ID 52 status from database: failed
2024-09-10T09:42:35.249Z [Express API] info: Job ID 52 status from database: failed
2024-09-10T09:42:37.249Z [Express API] info: Job ID 52 status from database: failed
2024-09-10T09:42:39.246Z [Express API] info: Job ID 52 status from database: failed
2024-09-10T09:42:41.250Z [Express API] info: Job ID 52 status from database: failed
2024-09-10T09:42:43.250Z [Express API] info: Job ID 52 status from database: failed
2024-09-10T09:42:45.252Z [Express API] info: Job ID 52 status from database: failed
2024-09-10T09:42:47.264Z [Express API] info: Job ID 52 status from database: failed
2024-09-10T09:42:49.251Z [Express API] info: Job ID 52 status from database: failed
2024-09-10T09:42:51.250Z [Express API] info: Job ID 52 status from database: failed
2024-09-10T09:42:53.250Z [Express API] info: Job ID 52 status from database: failed
2024-09-10T09:42:55.249Z [Express API] info: Job ID 52 status from database: failed
2024-09-10T09:42:57.278Z [Express API] info: Job ID 52 status from database: failed
2024-09-10T09:42:59.252Z [Express API] info: Job ID 52 status from database: failed
2024-09-10T09:43:01.258Z [Express API] info: Job ID 52 status from database: failed
2024-09-10T09:43:03.251Z [Express API] info: Job ID 52 status from database: failed
2024-09-10T09:43:05.250Z [Express API] info: Job ID 52 status from database: failed
2024-09-10T09:43:07.247Z [Express API] info: Job ID 52 status from database: failed
2024-09-10T09:43:09.251Z [Express API] info: Job ID 52 status from database: failed
2024-09-10T09:43:11.275Z [Express API] info: Received request to generate video with text: {"text":"China’s economic rise has been nothing short of meteoric. Once a predominantly agrarian society, it has transformed into a global manufacturing powerhouse. Here are some fascinating facts:\n\nEconomic Miracle: China's economic growth rate has averaged over 9% per year for decades, lifting millions out of poverty.\nManufacturing Giant: China is the world's largest exporter of goods, producing everything from electronics to textiles.\nInfrastructure Investment: China has invested heavily in infrastructure, building vast networks of roads, railways, and high-speed trains.\nTech Hub: The country is a major player in technology, with thriving sectors in e-commerce, artificial intelligence, and renewable energy.\nConsumer Market: China's growing middle class is driving a surge in consumer spending, making it a lucrative market for global brands.\nGovernment Influence: While the Chinese economy is market-oriented, the government still plays a significant role in shaping its direction.\nChallenges: Despite its successes, China faces challenges such as income inequality, environmental pollution, and an aging population."}
2024-09-10T09:43:11.276Z [Express API] info: Video generation job added to queue with ID: 53
2024-09-10T09:43:11.277Z [Bull Queue Processor] info: Processing job with ID: 53, Text: China’s economic rise has been nothing short of meteoric. Once a predominantly agrarian society, it has transformed into a global manufacturing powerhouse. Here are some fascinating facts:

Economic Miracle: China's economic growth rate has averaged over 9% per year for decades, lifting millions out of poverty.
Manufacturing Giant: China is the world's largest exporter of goods, producing everything from electronics to textiles.
Infrastructure Investment: China has invested heavily in infrastructure, building vast networks of roads, railways, and high-speed trains.
Tech Hub: The country is a major player in technology, with thriving sectors in e-commerce, artificial intelligence, and renewable energy.
Consumer Market: China's growing middle class is driving a surge in consumer spending, making it a lucrative market for global brands.
Government Influence: While the Chinese economy is market-oriented, the government still plays a significant role in shaping its direction.
Challenges: Despite its successes, China faces challenges such as income inequality, environmental pollution, and an aging population.
2024-09-10T09:43:13.300Z [Express API] error: Database query for not found job: 53
2024-09-10T09:43:15.299Z [Express API] error: Database query for not found job: 53
2024-09-10T09:43:17.299Z [Express API] error: Database query for not found job: 53
2024-09-10T09:43:19.299Z [Express API] error: Database query for not found job: 53
2024-09-10T09:43:21.301Z [Express API] error: Database query for not found job: 53
2024-09-10T09:43:23.297Z [Express API] error: Database query for not found job: 53
2024-09-10T09:43:25.300Z [Express API] error: Database query for not found job: 53
2024-09-10T09:43:27.298Z [Express API] error: Database query for not found job: 53
2024-09-10T09:43:29.300Z [Express API] error: Database query for not found job: 53
2024-09-10T09:43:31.299Z [Express API] error: Database query for not found job: 53
2024-09-10T09:43:33.299Z [Express API] error: Database query for not found job: 53
2024-09-10T09:43:35.299Z [Express API] error: Database query for not found job: 53
2024-09-10T09:43:37.300Z [Express API] error: Database query for not found job: 53
2024-09-10T09:43:39.302Z [Express API] error: Database query for not found job: 53
2024-09-10T09:43:41.295Z [Express API] error: Database query for not found job: 53
2024-09-10T09:43:43.300Z [Express API] error: Database query for not found job: 53
2024-09-10T09:43:45.295Z [Express API] error: Database query for not found job: 53
2024-09-10T09:43:47.300Z [Express API] error: Database query for not found job: 53
2024-09-10T09:43:49.299Z [Express API] error: Database query for not found job: 53
2024-09-10T09:43:51.300Z [Express API] error: Database query for not found job: 53
2024-09-10T09:43:53.302Z [Express API] error: Database query for not found job: 53
2024-09-10T09:43:55.303Z [Express API] error: Database query for not found job: 53
2024-09-10T09:43:57.301Z [Express API] error: Database query for not found job: 53
2024-09-10T09:43:59.296Z [Express API] error: Database query for not found job: 53
2024-09-10T09:44:01.299Z [Express API] error: Database query for not found job: 53
2024-09-10T09:44:03.300Z [Express API] error: Database query for not found job: 53
2024-09-10T09:44:05.294Z [Express API] error: Database query for not found job: 53
2024-09-10T09:44:07.299Z [Express API] error: Database query for not found job: 53
2024-09-10T09:44:09.299Z [Express API] error: Database query for not found job: 53
2024-09-10T09:44:11.303Z [Express API] error: Database query for not found job: 53
2024-09-10T09:44:13.302Z [Express API] error: Database query for not found job: 53
2024-09-10T09:44:17.210Z [Express API] info: Received request to generate video with text: {"text":"China’s economic rise has been nothing short of meteoric. Once a predominantly agrarian society, it has transformed into a global manufacturing powerhouse. Here are some fascinating facts:\n\nEconomic Miracle: China's economic growth rate has averaged over 9% per year for decades, lifting millions out of poverty.\nManufacturing Giant: China is the world's largest exporter of goods, producing everything from electronics to textiles.\nInfrastructure Investment: China has invested heavily in infrastructure, building vast networks of roads, railways, and high-speed trains.\nTech Hub: The country is a major player in technology, with thriving sectors in e-commerce, artificial intelligence, and renewable energy.\nConsumer Market: China's growing middle class is driving a surge in consumer spending, making it a lucrative market for global brands.\nGovernment Influence: While the Chinese economy is market-oriented, the government still plays a significant role in shaping its direction.\nChallenges: Despite its successes, China faces challenges such as income inequality, environmental pollution, and an aging population."}
2024-09-10T09:44:17.213Z [Express API] info: Video generation job added to queue with ID: 54
2024-09-10T09:44:17.223Z [Bull Queue Processor] info: Processing job with ID: 54, Text: China’s economic rise has been nothing short of meteoric. Once a predominantly agrarian society, it has transformed into a global manufacturing powerhouse. Here are some fascinating facts:

Economic Miracle: China's economic growth rate has averaged over 9% per year for decades, lifting millions out of poverty.
Manufacturing Giant: China is the world's largest exporter of goods, producing everything from electronics to textiles.
Infrastructure Investment: China has invested heavily in infrastructure, building vast networks of roads, railways, and high-speed trains.
Tech Hub: The country is a major player in technology, with thriving sectors in e-commerce, artificial intelligence, and renewable energy.
Consumer Market: China's growing middle class is driving a surge in consumer spending, making it a lucrative market for global brands.
Government Influence: While the Chinese economy is market-oriented, the government still plays a significant role in shaping its direction.
Challenges: Despite its successes, China faces challenges such as income inequality, environmental pollution, and an aging population., scriptUsed /home/dani/workspaces/Text-To-Video-ffmpeg/app.py
2024-09-10T09:44:17.268Z [Bull Queue Processor] info: Inserting in db for job id %s
2024-09-10T09:44:19.236Z [Express API] info: Job ID 54 status from database: processing
2024-09-10T09:44:20.160Z [Bull Queue Processor] error: Python script stderr: Traceback (most recent call last):
  File "/home/dani/workspaces/Text-To-Video-ffmpeg/app.py", line 7, in <module>

2024-09-10T09:44:20.161Z [Bull Queue Processor] error: Python script stderr:     from utility.captions.timed_captions_generator import generate_timed_captions
  File "/home/dani/workspaces/Text-To-Video-ffmpeg/utility/captions/timed_captions_generator.py", line 6, in <module>
    logging.basicConfig(
  File "/usr/lib/python3.11/logging/__init__.py", line 2050, in basicConfig
    h = FileHandler(filename, mode,
        ^^^^^^^^^^^^^^^^^^^^^^^^^^^
  File "/usr/lib/python3.11/logging/__init__.py", line 1181, in __init__

2024-09-10T09:44:20.161Z [Bull Queue Processor] error: Python script stderr:     StreamHandler.__init__(self, self._open())
                                 ^^^^^^^^^^^^
  File "/usr/lib/python3.11/logging/__init__.py", line 1213, in _open
    return open_func(self.baseFilename, self.mode,
           ^^^^^^^^^^^^^^^^^^^^^^^^^^^^^^^^^^^^^^^
FileNotFoundError: [Errno 2] No such file or directory: '/home/dani/workspaces/Text-To-Video-AI2/app.log'

2024-09-10T09:44:20.687Z [Bull Queue Processor] error: Python script exited with error code 1 for job ID: 54
2024-09-10T09:44:20.714Z [Bull Queue Processor] info: Inserting in db for job id %s
2024-09-10T09:44:21.240Z [Express API] info: Job ID 54 status from database: failed
2024-09-10T09:44:23.236Z [Express API] info: Job ID 54 status from database: failed
2024-09-10T09:44:25.241Z [Express API] info: Job ID 54 status from database: failed
2024-09-10T09:44:27.240Z [Express API] info: Job ID 54 status from database: failed
2024-09-10T09:44:29.242Z [Express API] info: Job ID 54 status from database: failed
2024-09-10T09:44:31.241Z [Express API] info: Job ID 54 status from database: failed
2024-09-10T09:44:33.241Z [Express API] info: Job ID 54 status from database: failed
2024-09-10T09:44:35.242Z [Express API] info: Job ID 54 status from database: failed
2024-09-10T09:44:37.241Z [Express API] info: Job ID 54 status from database: failed
2024-09-10T09:44:39.243Z [Express API] info: Job ID 54 status from database: failed
2024-09-10T09:44:41.242Z [Express API] info: Job ID 54 status from database: failed
2024-09-10T09:44:43.241Z [Express API] info: Job ID 54 status from database: failed
2024-09-10T09:44:45.241Z [Express API] info: Job ID 54 status from database: failed
2024-09-10T09:44:47.241Z [Express API] info: Job ID 54 status from database: failed
2024-09-10T09:44:49.236Z [Express API] info: Job ID 54 status from database: failed
2024-09-10T09:44:51.241Z [Express API] info: Job ID 54 status from database: failed
2024-09-10T09:44:53.240Z [Express API] info: Job ID 54 status from database: failed
2024-09-10T09:44:55.241Z [Express API] info: Job ID 54 status from database: failed
2024-09-10T09:44:57.240Z [Express API] info: Job ID 54 status from database: failed
2024-09-10T09:44:59.243Z [Express API] info: Job ID 54 status from database: failed
2024-09-10T09:45:01.241Z [Express API] info: Job ID 54 status from database: failed
2024-09-10T09:45:03.241Z [Express API] info: Job ID 54 status from database: failed
2024-09-10T09:45:05.241Z [Express API] info: Job ID 54 status from database: failed
2024-09-10T09:45:07.236Z [Express API] info: Job ID 54 status from database: failed
